d:\project\cpluscode\vfr_system\vfr_algorithm\x64\release\moc_vfr_algorithm.obj
d:\project\cpluscode\vfr_system\vfr_algorithm\x64\release\qrc_vfr_algorithm.obj
d:\project\cpluscode\vfr_system\vfr_algorithm\x64\release\main.obj
d:\project\cpluscode\vfr_system\vfr_algorithm\x64\release\facealgserver.obj
d:\project\cpluscode\vfr_system\vfr_algorithm\x64\release\vfr_algorithm.obj
d:\project\cpluscode\vfr_system\x64\release\vfr_algorithm.exe
d:\project\cpluscode\vfr_system\vfr_algorithm\x64\release\moc\moc_vfr_algorithm.cpp
d:\project\cpluscode\vfr_system\vfr_algorithm\x64\release\rcc\qrc_vfr_algorithm.cpp
d:\project\cpluscode\vfr_system\vfr_algorithm\x64\release\uic\ui_vfr_algorithm.h
e:\workspace\cplusplus_project\vrf_develop\vfr_system\vfr_algorithm\x64\release\facealgserver.obj
e:\workspace\cplusplus_project\vrf_develop\vfr_system\vfr_algorithm\x64\release\main.obj
e:\workspace\cplusplus_project\vrf_develop\vfr_system\vfr_algorithm\x64\release\moc_vfr_algorithm.obj
e:\workspace\cplusplus_project\vrf_develop\vfr_system\vfr_algorithm\x64\release\qrc_vfr_algorithm.obj
e:\workspace\cplusplus_project\vrf_develop\vfr_system\vfr_algorithm\x64\release\vfr_algorithm.obj
e:\workspace\cplusplus_project\vrf_develop\vfr_system\vfr_algorithm\x64\release\vfr_algorithm.tlog\cl.command.1.tlog
e:\workspace\cplusplus_project\vrf_develop\vfr_system\vfr_algorithm\x64\release\vfr_algorithm.tlog\cl.read.1.tlog
e:\workspace\cplusplus_project\vrf_develop\vfr_system\vfr_algorithm\x64\release\vfr_algorithm.tlog\cl.write.1.tlog
e:\workspace\cplusplus_project\vrf_develop\vfr_system\vfr_algorithm\x64\release\vfr_algorithm.tlog\link.command.1.tlog
e:\workspace\cplusplus_project\vrf_develop\vfr_system\vfr_algorithm\x64\release\vfr_algorithm.tlog\link.read.1.tlog
e:\workspace\cplusplus_project\vrf_develop\vfr_system\vfr_algorithm\x64\release\vfr_algorithm.tlog\link.write.1.tlog
e:\workspace\cplusplus_project\vrf_develop\vfr_system\vfr_algorithm\x64\release\vfr_algorithm.tlog\moc.read.1u.tlog
e:\workspace\cplusplus_project\vrf_develop\vfr_system\vfr_algorithm\x64\release\vfr_algorithm.tlog\moc.write.1u.tlog
e:\workspace\cplusplus_project\vrf_develop\vfr_system\vfr_algorithm\x64\release\vfr_algorithm.tlog\rcc.read.1u.tlog
e:\workspace\cplusplus_project\vrf_develop\vfr_system\vfr_algorithm\x64\release\vfr_algorithm.tlog\rcc.write.1u.tlog
e:\workspace\cplusplus_project\vrf_develop\vfr_system\vfr_algorithm\x64\release\vfr_algorithm.tlog\uic.read.1u.tlog
e:\workspace\cplusplus_project\vrf_develop\vfr_system\vfr_algorithm\x64\release\vfr_algorithm.tlog\uic.write.1u.tlog
e:\workspace\cplusplus_project\vrf_develop\vfr_system\vfr_algorithm\x64\release\vfr_algorithm.tlog\vfr_algorithm.write.1u.tlog
